C:\USERS\JEROEN\DOCUMENTS\VISUAL STUDIO 2010\PROJECTS\3DARKANOID\3DARKANOID\X64\DEBUG\3DARKANOID.EXE.EMBED.MANIFEST
C:\USERS\JEROEN\DOCUMENTS\VISUAL STUDIO 2010\PROJECTS\3DARKANOID\3DARKANOID\X64\DEBUG\3DARKANOID.EXE.EMBED.MANIFEST.RES
C:\Users\Jeroen\Documents\Visual Studio 2010\Projects\3DArkanoid\3DArkanoid\x64\Debug\3DArkanoid.exe.intermediate.manifest
C:\Users\Jeroen\Documents\Visual Studio 2010\Projects\3DArkanoid\3DArkanoid\x64\Debug\3DArkanoid_manifest.rc
C:\USERS\JEROEN\DOCUMENTS\VISUAL STUDIO 2010\PROJECTS\3DARKANOID\3DARKANOID\X64\DEBUG\BOUNCINGBALL.OBJ
C:\Users\Jeroen\Documents\Visual Studio 2010\Projects\3DArkanoid\3DArkanoid\x64\Debug\cl.command.1.tlog
C:\Users\Jeroen\Documents\Visual Studio 2010\Projects\3DArkanoid\3DArkanoid\x64\Debug\CL.read.1.tlog
C:\Users\Jeroen\Documents\Visual Studio 2010\Projects\3DArkanoid\3DArkanoid\x64\Debug\CL.write.1.tlog
C:\Users\Jeroen\Documents\Visual Studio 2010\Projects\3DArkanoid\3DArkanoid\x64\Debug\link.5972.read.1.tlog
C:\Users\Jeroen\Documents\Visual Studio 2010\Projects\3DArkanoid\3DArkanoid\x64\Debug\link.5972.write.1.tlog
C:\Users\Jeroen\Documents\Visual Studio 2010\Projects\3DArkanoid\3DArkanoid\x64\Debug\link.5972-cvtres.read.1.tlog
C:\Users\Jeroen\Documents\Visual Studio 2010\Projects\3DArkanoid\3DArkanoid\x64\Debug\link.5972-cvtres.write.1.tlog
C:\Users\Jeroen\Documents\Visual Studio 2010\Projects\3DArkanoid\3DArkanoid\x64\Debug\link.command.1.tlog
C:\Users\Jeroen\Documents\Visual Studio 2010\Projects\3DArkanoid\3DArkanoid\x64\Debug\link.read.1.tlog
C:\Users\Jeroen\Documents\Visual Studio 2010\Projects\3DArkanoid\3DArkanoid\x64\Debug\link.write.1.tlog
C:\Users\Jeroen\Documents\Visual Studio 2010\Projects\3DArkanoid\3DArkanoid\x64\Debug\link-cvtres.read.1.tlog
C:\Users\Jeroen\Documents\Visual Studio 2010\Projects\3DArkanoid\3DArkanoid\x64\Debug\link-cvtres.write.1.tlog
C:\USERS\JEROEN\DOCUMENTS\VISUAL STUDIO 2010\PROJECTS\3DARKANOID\3DARKANOID\X64\DEBUG\MAIN.OBJ
C:\Users\Jeroen\Documents\Visual Studio 2010\Projects\3DArkanoid\3DArkanoid\x64\Debug\mt.command.1.tlog
C:\Users\Jeroen\Documents\Visual Studio 2010\Projects\3DArkanoid\3DArkanoid\x64\Debug\mt.read.1.tlog
C:\Users\Jeroen\Documents\Visual Studio 2010\Projects\3DArkanoid\3DArkanoid\x64\Debug\mt.write.1.tlog
C:\USERS\JEROEN\DOCUMENTS\VISUAL STUDIO 2010\PROJECTS\3DARKANOID\3DARKANOID\X64\DEBUG\PLATFORM.OBJ
C:\Users\Jeroen\Documents\Visual Studio 2010\Projects\3DArkanoid\3DArkanoid\x64\Debug\rc.command.1.tlog
C:\Users\Jeroen\Documents\Visual Studio 2010\Projects\3DArkanoid\3DArkanoid\x64\Debug\rc.read.1.tlog
C:\Users\Jeroen\Documents\Visual Studio 2010\Projects\3DArkanoid\3DArkanoid\x64\Debug\rc.write.1.tlog
C:\USERS\JEROEN\DOCUMENTS\VISUAL STUDIO 2010\PROJECTS\3DARKANOID\3DARKANOID\X64\DEBUG\SPRITE.OBJ
C:\Users\Jeroen\Documents\Visual Studio 2010\Projects\3DArkanoid\3DArkanoid\x64\Debug\vc100.idb
C:\USERS\JEROEN\DOCUMENTS\VISUAL STUDIO 2010\PROJECTS\3DARKANOID\3DARKANOID\X64\DEBUG\VC100.PDB
C:\Users\Jeroen\Documents\Visual Studio 2010\Projects\3DArkanoid\x64\Debug\3DArkanoid.pdb
